Classic Timing Analyzer report for WORK
Mon Jul 01 22:21:54 2019
Quartus II Version 9.0 Build 132 02/25/2009 SJ Full Version


---------------------
; Table of Contents ;
---------------------
  1. Legal Notice
  2. Timing Analyzer Summary
  3. Timing Analyzer Settings
  4. Clock Settings Summary
  5. Parallel Compilation
  6. Clock Setup: 'clk_1KHZ'
  7. tco
  8. Timing Analyzer Messages



----------------
; Legal Notice ;
----------------
Copyright (C) 1991-2009 Altera Corporation
Your use of Altera Corporation's design tools, logic functions 
and other software and tools, and its AMPP partner logic 
functions, and any output files from any of the foregoing 
(including device programming or simulation files), and any 
associated documentation or information are expressly subject 
to the terms and conditions of the Altera Program License 
Subscription Agreement, Altera MegaCore Function License 
Agreement, or other applicable license agreement, including, 
without limitation, that your use is for the sole purpose of 
programming logic devices manufactured by Altera and sold by 
Altera or its authorized distributors.  Please refer to the 
applicable agreement for further details.



+------------------------------------------------------------------------------------------------------------------------------------------------------------------------------+
; Timing Analyzer Summary                                                                                                                                                      ;
+------------------------------+-------+---------------+------------------------------------------------+---------------+---------------+------------+----------+--------------+
; Type                         ; Slack ; Required Time ; Actual Time                                    ; From          ; To            ; From Clock ; To Clock ; Failed Paths ;
+------------------------------+-------+---------------+------------------------------------------------+---------------+---------------+------------+----------+--------------+
; Worst-case tco               ; N/A   ; None          ; 7.429 ns                                       ; selct[0]~reg0 ; selct[0]      ; clk_1KHZ   ; --       ; 0            ;
; Clock Setup: 'clk_1KHZ'      ; N/A   ; None          ; Restricted to 340.02 MHz ( period = 2.941 ns ) ; selct[0]~reg0 ; selct[2]~reg0 ; clk_1KHZ   ; clk_1KHZ ; 0            ;
; Total number of failed paths ;       ;               ;                                                ;               ;               ;            ;          ; 0            ;
+------------------------------+-------+---------------+------------------------------------------------+---------------+---------------+------------+----------+--------------+


+--------------------------------------------------------------------------------------------------------------------+
; Timing Analyzer Settings                                                                                           ;
+---------------------------------------------------------------------+--------------------+------+----+-------------+
; Option                                                              ; Setting            ; From ; To ; Entity Name ;
+---------------------------------------------------------------------+--------------------+------+----+-------------+
; Device Name                                                         ; EP2C35F484C8       ;      ;    ;             ;
; Timing Models                                                       ; Final              ;      ;    ;             ;
; Default hold multicycle                                             ; Same as Multicycle ;      ;    ;             ;
; Cut paths between unrelated clock domains                           ; On                 ;      ;    ;             ;
; Cut off read during write signal paths                              ; On                 ;      ;    ;             ;
; Cut off feedback from I/O pins                                      ; On                 ;      ;    ;             ;
; Report Combined Fast/Slow Timing                                    ; Off                ;      ;    ;             ;
; Ignore Clock Settings                                               ; Off                ;      ;    ;             ;
; Analyze latches as synchronous elements                             ; On                 ;      ;    ;             ;
; Enable Recovery/Removal analysis                                    ; Off                ;      ;    ;             ;
; Enable Clock Latency                                                ; Off                ;      ;    ;             ;
; Use TimeQuest Timing Analyzer                                       ; Off                ;      ;    ;             ;
; Minimum Core Junction Temperature                                   ; 0                  ;      ;    ;             ;
; Maximum Core Junction Temperature                                   ; 85                 ;      ;    ;             ;
; Number of source nodes to report per destination node               ; 10                 ;      ;    ;             ;
; Number of destination nodes to report                               ; 10                 ;      ;    ;             ;
; Number of paths to report                                           ; 200                ;      ;    ;             ;
; Report Minimum Timing Checks                                        ; Off                ;      ;    ;             ;
; Use Fast Timing Models                                              ; Off                ;      ;    ;             ;
; Report IO Paths Separately                                          ; Off                ;      ;    ;             ;
; Perform Multicorner Analysis                                        ; On                 ;      ;    ;             ;
; Reports the worst-case path for each clock domain and analysis      ; Off                ;      ;    ;             ;
; Removes common clock path pessimism (CCPP) during slack computation ; Off                ;      ;    ;             ;
; Output I/O Timing Endpoint                                          ; Near End           ;      ;    ;             ;
+---------------------------------------------------------------------+--------------------+------+----+-------------+


+------------------------------------------------------------------------------------------------------------------------------------------------------------------------------------+
; Clock Settings Summary                                                                                                                                                             ;
+-----------------+--------------------+----------+------------------+---------------+--------------+----------+-----------------------+---------------------+--------+--------------+
; Clock Node Name ; Clock Setting Name ; Type     ; Fmax Requirement ; Early Latency ; Late Latency ; Based on ; Multiply Base Fmax by ; Divide Base Fmax by ; Offset ; Phase offset ;
+-----------------+--------------------+----------+------------------+---------------+--------------+----------+-----------------------+---------------------+--------+--------------+
; clk_1KHZ        ;                    ; User Pin ; None             ; 0.000 ns      ; 0.000 ns     ; --       ; N/A                   ; N/A                 ; N/A    ;              ;
+-----------------+--------------------+----------+------------------+---------------+--------------+----------+-----------------------+---------------------+--------+--------------+


+------------------------------------------+
; Parallel Compilation                     ;
+----------------------------+-------------+
; Processors                 ; Number      ;
+----------------------------+-------------+
; Number detected on machine ; 4           ;
; Maximum allowed            ; 4           ;
;                            ;             ;
; Average used               ; 1.00        ;
; Maximum used               ; 1           ;
;                            ;             ;
; Usage by Processor         ; % Time Used ;
;     1 processor            ; 100.0%      ;
;     2-4 processors         ;   0.0%      ;
+----------------------------+-------------+


+----------------------------------------------------------------------------------------------------------------------------------------------------------------------------------------------------+
; Clock Setup: 'clk_1KHZ'                                                                                                                                                                            ;
+-------+------------------------------------------------+---------------+---------------+------------+----------+-----------------------------+---------------------------+-------------------------+
; Slack ; Actual fmax (period)                           ; From          ; To            ; From Clock ; To Clock ; Required Setup Relationship ; Required Longest P2P Time ; Actual Longest P2P Time ;
+-------+------------------------------------------------+---------------+---------------+------------+----------+-----------------------------+---------------------------+-------------------------+
; N/A   ; Restricted to 340.02 MHz ( period = 2.941 ns ) ; selct[0]~reg0 ; selct[2]~reg0 ; clk_1KHZ   ; clk_1KHZ ; None                        ; None                      ; 1.184 ns                ;
; N/A   ; Restricted to 340.02 MHz ( period = 2.941 ns ) ; selct[0]~reg0 ; selct[1]~reg0 ; clk_1KHZ   ; clk_1KHZ ; None                        ; None                      ; 0.758 ns                ;
; N/A   ; Restricted to 340.02 MHz ( period = 2.941 ns ) ; selct[1]~reg0 ; selct[2]~reg0 ; clk_1KHZ   ; clk_1KHZ ; None                        ; None                      ; 0.744 ns                ;
; N/A   ; Restricted to 340.02 MHz ( period = 2.941 ns ) ; selct[0]~reg0 ; selct[0]~reg0 ; clk_1KHZ   ; clk_1KHZ ; None                        ; None                      ; 0.501 ns                ;
; N/A   ; Restricted to 340.02 MHz ( period = 2.941 ns ) ; selct[1]~reg0 ; selct[1]~reg0 ; clk_1KHZ   ; clk_1KHZ ; None                        ; None                      ; 0.501 ns                ;
; N/A   ; Restricted to 340.02 MHz ( period = 2.941 ns ) ; selct[2]~reg0 ; selct[2]~reg0 ; clk_1KHZ   ; clk_1KHZ ; None                        ; None                      ; 0.501 ns                ;
+-------+------------------------------------------------+---------------+---------------+------------+----------+-----------------------------+---------------------------+-------------------------+


+---------------------------------------------------------------------------+
; tco                                                                       ;
+-------+--------------+------------+---------------+----------+------------+
; Slack ; Required tco ; Actual tco ; From          ; To       ; From Clock ;
+-------+--------------+------------+---------------+----------+------------+
; N/A   ; None         ; 7.429 ns   ; selct[0]~reg0 ; selct[0] ; clk_1KHZ   ;
; N/A   ; None         ; 7.244 ns   ; selct[1]~reg0 ; selct[1] ; clk_1KHZ   ;
; N/A   ; None         ; 7.234 ns   ; selct[2]~reg0 ; selct[2] ; clk_1KHZ   ;
+-------+--------------+------------+---------------+----------+------------+


+--------------------------+
; Timing Analyzer Messages ;
+--------------------------+
Info: *******************************************************************
Info: Running Quartus II Classic Timing Analyzer
    Info: Version 9.0 Build 132 02/25/2009 SJ Full Version
    Info: Processing started: Mon Jul 01 22:21:54 2019
Info: Command: quartus_tan --read_settings_files=off --write_settings_files=off WORK -c WORK --timing_analysis_only
Info: Parallel compilation is enabled and will use 4 of the 4 processors detected
Warning: Found pins functioning as undefined clocks and/or memory enables
    Info: Assuming node "clk_1KHZ" is an undefined clock
Info: Clock "clk_1KHZ" Internal fmax is restricted to 340.02 MHz between source register "selct[0]~reg0" and destination register "selct[2]~reg0"
    Info: fmax restricted to clock pin edge rate 2.941 ns. Expand message to see actual delay path.
        Info: + Longest register to register delay is 1.184 ns
            Info: 1: + IC(0.000 ns) + CELL(0.000 ns) = 0.000 ns; Loc. = LCFF_X1_Y34_N1; Fanout = 4; REG Node = 'selct[0]~reg0'
            Info: 2: + IC(0.452 ns) + CELL(0.624 ns) = 1.076 ns; Loc. = LCCOMB_X1_Y34_N20; Fanout = 1; COMB Node = 'selct[2]~5'
            Info: 3: + IC(0.000 ns) + CELL(0.108 ns) = 1.184 ns; Loc. = LCFF_X1_Y34_N21; Fanout = 2; REG Node = 'selct[2]~reg0'
            Info: Total cell delay = 0.732 ns ( 61.82 % )
            Info: Total interconnect delay = 0.452 ns ( 38.18 % )
        Info: - Smallest clock skew is 0.000 ns
            Info: + Shortest clock path from clock "clk_1KHZ" to destination register is 3.190 ns
                Info: 1: + IC(0.000 ns) + CELL(1.090 ns) = 1.090 ns; Loc. = PIN_M1; Fanout = 1; CLK Node = 'clk_1KHZ'
                Info: 2: + IC(0.239 ns) + CELL(0.000 ns) = 1.329 ns; Loc. = CLKCTRL_G3; Fanout = 3; COMB Node = 'clk_1KHZ~clkctrl'
                Info: 3: + IC(1.195 ns) + CELL(0.666 ns) = 3.190 ns; Loc. = LCFF_X1_Y34_N21; Fanout = 2; REG Node = 'selct[2]~reg0'
                Info: Total cell delay = 1.756 ns ( 55.05 % )
                Info: Total interconnect delay = 1.434 ns ( 44.95 % )
            Info: - Longest clock path from clock "clk_1KHZ" to source register is 3.190 ns
                Info: 1: + IC(0.000 ns) + CELL(1.090 ns) = 1.090 ns; Loc. = PIN_M1; Fanout = 1; CLK Node = 'clk_1KHZ'
                Info: 2: + IC(0.239 ns) + CELL(0.000 ns) = 1.329 ns; Loc. = CLKCTRL_G3; Fanout = 3; COMB Node = 'clk_1KHZ~clkctrl'
                Info: 3: + IC(1.195 ns) + CELL(0.666 ns) = 3.190 ns; Loc. = LCFF_X1_Y34_N1; Fanout = 4; REG Node = 'selct[0]~reg0'
                Info: Total cell delay = 1.756 ns ( 55.05 % )
                Info: Total interconnect delay = 1.434 ns ( 44.95 % )
        Info: + Micro clock to output delay of source is 0.304 ns
        Info: + Micro setup delay of destination is -0.040 ns
Info: tco from clock "clk_1KHZ" to destination pin "selct[0]" through register "selct[0]~reg0" is 7.429 ns
    Info: + Longest clock path from clock "clk_1KHZ" to source register is 3.190 ns
        Info: 1: + IC(0.000 ns) + CELL(1.090 ns) = 1.090 ns; Loc. = PIN_M1; Fanout = 1; CLK Node = 'clk_1KHZ'
        Info: 2: + IC(0.239 ns) + CELL(0.000 ns) = 1.329 ns; Loc. = CLKCTRL_G3; Fanout = 3; COMB Node = 'clk_1KHZ~clkctrl'
        Info: 3: + IC(1.195 ns) + CELL(0.666 ns) = 3.190 ns; Loc. = LCFF_X1_Y34_N1; Fanout = 4; REG Node = 'selct[0]~reg0'
        Info: Total cell delay = 1.756 ns ( 55.05 % )
        Info: Total interconnect delay = 1.434 ns ( 44.95 % )
    Info: + Micro clock to output delay of source is 0.304 ns
    Info: + Longest register to pin delay is 3.935 ns
        Info: 1: + IC(0.000 ns) + CELL(0.000 ns) = 0.000 ns; Loc. = LCFF_X1_Y34_N1; Fanout = 4; REG Node = 'selct[0]~reg0'
        Info: 2: + IC(0.715 ns) + CELL(3.220 ns) = 3.935 ns; Loc. = PIN_D5; Fanout = 0; PIN Node = 'selct[0]'
        Info: Total cell delay = 3.220 ns ( 81.83 % )
        Info: Total interconnect delay = 0.715 ns ( 18.17 % )
Info: Quartus II Classic Timing Analyzer was successful. 0 errors, 1 warning
    Info: Peak virtual memory: 214 megabytes
    Info: Processing ended: Mon Jul 01 22:21:54 2019
    Info: Elapsed time: 00:00:00
    Info: Total CPU time (on all processors): 00:00:00


